[0208/164350.158:WARNING:used_ids.h(55)] Duplicate id found. Reassigning from 104 to 127
[0208/164350.158:WARNING:used_ids.h(55)] Duplicate id found. Reassigning from 103 to 125
[0208/164350.158:WARNING:used_ids.h(55)] Duplicate id found. Reassigning from 1 to 14
[0208/164350.158:WARNING:used_ids.h(55)] Duplicate id found. Reassigning from 3 to 13
[0208/164350.158:WARNING:used_ids.h(55)] Duplicate id found. Reassigning from 5 to 12
[0208/164350.158:WARNING:used_ids.h(55)] Duplicate id found. Reassigning from 6 to 11
[0208/164350.159:ERROR:audio_rtp_receiver.cc(89)] AudioRtpReceiver::OnSetVolume: No audio channel exists.
[0208/164429.109:ERROR:audio_rtp_receiver.cc(89)] AudioRtpReceiver::OnSetVolume: No audio channel exists.
[0208/164429.110:WARNING:used_ids.h(55)] Duplicate id found. Reassigning from 104 to 127
[0208/164429.110:WARNING:used_ids.h(55)] Duplicate id found. Reassigning from 102 to 125
[0208/164429.110:WARNING:used_ids.h(55)] Duplicate id found. Reassigning from 104 to 124
[0208/164429.110:WARNING:used_ids.h(55)] Duplicate id found. Reassigning from 106 to 123
[0208/164429.110:WARNING:used_ids.h(55)] Duplicate id found. Reassigning from 103 to 122
[0208/164429.110:WARNING:used_ids.h(55)] Duplicate id found. Reassigning from 105 to 121
[0208/164429.110:WARNING:used_ids.h(55)] Duplicate id found. Reassigning from 109 to 120
[0208/164429.110:WARNING:used_ids.h(55)] Duplicate id found. Reassigning from 1 to 14
[0208/164429.110:WARNING:used_ids.h(55)] Duplicate id found. Reassigning from 3 to 13
[0208/164429.110:WARNING:used_ids.h(55)] Duplicate id found. Reassigning from 5 to 12
[0208/164429.110:WARNING:used_ids.h(55)] Duplicate id found. Reassigning from 6 to 11
[0208/164442.359:ERROR:audio_rtp_receiver.cc(89)] AudioRtpReceiver::OnSetVolume: No audio channel exists.
[0208/164442.360:WARNING:used_ids.h(55)] Duplicate id found. Reassigning from 104 to 127
[0208/164442.360:WARNING:used_ids.h(55)] Duplicate id found. Reassigning from 102 to 125
[0208/164442.360:WARNING:used_ids.h(55)] Duplicate id found. Reassigning from 104 to 124
[0208/164442.360:WARNING:used_ids.h(55)] Duplicate id found. Reassigning from 106 to 123
[0208/164442.360:WARNING:used_ids.h(55)] Duplicate id found. Reassigning from 103 to 122
[0208/164442.360:WARNING:used_ids.h(55)] Duplicate id found. Reassigning from 105 to 121
[0208/164442.360:WARNING:used_ids.h(55)] Duplicate id found. Reassigning from 109 to 120
[0208/164442.360:WARNING:used_ids.h(55)] Duplicate id found. Reassigning from 1 to 14
[0208/164442.360:WARNING:used_ids.h(55)] Duplicate id found. Reassigning from 3 to 13
[0208/164442.360:WARNING:used_ids.h(55)] Duplicate id found. Reassigning from 5 to 12
[0208/164442.360:WARNING:used_ids.h(55)] Duplicate id found. Reassigning from 6 to 11
[0208/164507.638:ERROR:audio_rtp_receiver.cc(89)] AudioRtpReceiver::OnSetVolume: No audio channel exists.
[0208/164507.639:WARNING:used_ids.h(55)] Duplicate id found. Reassigning from 104 to 127
[0208/164507.639:WARNING:used_ids.h(55)] Duplicate id found. Reassigning from 102 to 125
[0208/164507.639:WARNING:used_ids.h(55)] Duplicate id found. Reassigning from 104 to 124
[0208/164507.639:WARNING:used_ids.h(55)] Duplicate id found. Reassigning from 106 to 123
[0208/164507.639:WARNING:used_ids.h(55)] Duplicate id found. Reassigning from 103 to 122
[0208/164507.639:WARNING:used_ids.h(55)] Duplicate id found. Reassigning from 105 to 121
[0208/164507.639:WARNING:used_ids.h(55)] Duplicate id found. Reassigning from 109 to 120
[0208/164507.639:WARNING:used_ids.h(55)] Duplicate id found. Reassigning from 1 to 14
[0208/164507.639:WARNING:used_ids.h(55)] Duplicate id found. Reassigning from 3 to 13
[0208/164507.639:WARNING:used_ids.h(55)] Duplicate id found. Reassigning from 5 to 12
[0208/164507.639:WARNING:used_ids.h(55)] Duplicate id found. Reassigning from 6 to 11
[0208/164513.006:ERROR:audio_rtp_receiver.cc(89)] AudioRtpReceiver::OnSetVolume: No audio channel exists.
[0208/164513.007:WARNING:used_ids.h(55)] Duplicate id found. Reassigning from 104 to 127
[0208/164513.007:WARNING:used_ids.h(55)] Duplicate id found. Reassigning from 102 to 125
[0208/164513.007:WARNING:used_ids.h(55)] Duplicate id found. Reassigning from 104 to 124
[0208/164513.007:WARNING:used_ids.h(55)] Duplicate id found. Reassigning from 106 to 123
[0208/164513.007:WARNING:used_ids.h(55)] Duplicate id found. Reassigning from 103 to 122
[0208/164513.007:WARNING:used_ids.h(55)] Duplicate id found. Reassigning from 105 to 121
[0208/164513.007:WARNING:used_ids.h(55)] Duplicate id found. Reassigning from 109 to 120
[0208/164513.007:WARNING:used_ids.h(55)] Duplicate id found. Reassigning from 1 to 14
[0208/164513.007:WARNING:used_ids.h(55)] Duplicate id found. Reassigning from 3 to 13
[0208/164513.007:WARNING:used_ids.h(55)] Duplicate id found. Reassigning from 5 to 12
[0208/164513.007:WARNING:used_ids.h(55)] Duplicate id found. Reassigning from 6 to 11
[0208/164521.881:ERROR:audio_rtp_receiver.cc(89)] AudioRtpReceiver::OnSetVolume: No audio channel exists.
[0208/164521.881:WARNING:used_ids.h(55)] Duplicate id found. Reassigning from 104 to 127
[0208/164521.881:WARNING:used_ids.h(55)] Duplicate id found. Reassigning from 102 to 125
[0208/164521.881:WARNING:used_ids.h(55)] Duplicate id found. Reassigning from 104 to 124
[0208/164521.881:WARNING:used_ids.h(55)] Duplicate id found. Reassigning from 106 to 123
[0208/164521.881:WARNING:used_ids.h(55)] Duplicate id found. Reassigning from 103 to 122
[0208/164521.881:WARNING:used_ids.h(55)] Duplicate id found. Reassigning from 105 to 121
[0208/164521.881:WARNING:used_ids.h(55)] Duplicate id found. Reassigning from 109 to 120
[0208/164521.881:WARNING:used_ids.h(55)] Duplicate id found. Reassigning from 1 to 14
[0208/164521.881:WARNING:used_ids.h(55)] Duplicate id found. Reassigning from 3 to 13
[0208/164521.881:WARNING:used_ids.h(55)] Duplicate id found. Reassigning from 5 to 12
[0208/164521.881:WARNING:used_ids.h(55)] Duplicate id found. Reassigning from 6 to 11
[0208/164859.362:ERROR:audio_rtp_receiver.cc(89)] AudioRtpReceiver::OnSetVolume: No audio channel exists.
[0208/164859.362:WARNING:used_ids.h(55)] Duplicate id found. Reassigning from 104 to 127
[0208/164859.362:WARNING:used_ids.h(55)] Duplicate id found. Reassigning from 102 to 125
[0208/164859.362:WARNING:used_ids.h(55)] Duplicate id found. Reassigning from 104 to 124
[0208/164859.362:WARNING:used_ids.h(55)] Duplicate id found. Reassigning from 106 to 123
[0208/164859.362:WARNING:used_ids.h(55)] Duplicate id found. Reassigning from 103 to 122
[0208/164859.362:WARNING:used_ids.h(55)] Duplicate id found. Reassigning from 105 to 121
[0208/164859.363:WARNING:used_ids.h(55)] Duplicate id found. Reassigning from 109 to 120
[0208/164859.363:WARNING:used_ids.h(55)] Duplicate id found. Reassigning from 1 to 14
[0208/164859.363:WARNING:used_ids.h(55)] Duplicate id found. Reassigning from 3 to 13
[0208/164859.363:WARNING:used_ids.h(55)] Duplicate id found. Reassigning from 5 to 12
[0208/164859.363:WARNING:used_ids.h(55)] Duplicate id found. Reassigning from 6 to 11
[0208/164914.931:ERROR:batching_media_log.cc(38)] MediaEvent: {"error":"FFmpegDemuxer: no supported streams"}
[0208/164914.931:ERROR:batching_media_log.cc(35)] MediaEvent: {"pipeline_error":14}
[0208/164915.631:ERROR:batching_media_log.cc(38)] MediaEvent: {"error":"FFmpegDemuxer: no supported streams"}
[0208/164915.631:ERROR:batching_media_log.cc(35)] MediaEvent: {"pipeline_error":14}
[0208/170225.990:WARNING:gpu_process_host.cc(1230)] The GPU process has crashed 1 time(s)
[0208/170244.151:ERROR:network_service_instance_impl.cc(263)] Network service crashed, restarting service.
